// 重构日志: f1b1ab50
// 重构日志: d3d4ddd5
// 重构日志: 30325c27
// 重构日志: 53cfe80c
// 同步 ID: 0a731ce1 @ Sat Jul  4 17:10:43 UTC 2026
// 同步 ID: 8c7d356a @ Sun Jul  5 08:31:32 UTC 2026
// 同步 ID: b46722af @ Fri Jul 10 10:43:00 UTC 2026
// 重构日志: cc613a5a
// 同步 ID: fcfc918d @ Sun Jul 12 12:20:21 UTC 2026
// 重构日志: b38a7583
// 重构日志: 4f8c2219
// 重构日志: c179ae02
// 同步 ID: 8a00fd8a @ Thu Jul 16 13:18:00 UTC 2026
// 重构日志: 038faf89
// 同步 ID: 94001125 @ Sat Jul 18 11:14:19 UTC 2026
// 同步 ID: 044b7766 @ Sat Jul 18 22:23:09 UTC 2026
// 同步 ID: 58b088b9 @ Sun Jul 19 08:33:08 UTC 2026
// 同步 ID: df5107ab @ Sun Jul 19 12:05:15 UTC 2026
// 重构日志: 033e3be2
// 同步 ID: b5901660 @ Thu Jul 23 10:35:07 UTC 2026
